[2026-03-11 17:04:47] ==================================================
[2026-03-11 17:04:47] 开始CDE网站PDF下载攻关
[2026-03-11 17:04:47] ==================================================
[2026-03-11 17:04:47] === 方法1: Playwright隐身模式 ===
[2026-03-11 17:04:47] 进度更新: 方法1 - 尝试中 - Playwright隐身模式
[2026-03-14 01:44:56] ==================================================
[2026-03-14 01:44:56] 开始CDE网站PDF下载攻关
[2026-03-14 01:44:56] ==================================================
[2026-03-14 01:44:56] === 方法1: Playwright隐身模式 ===
[2026-03-14 01:44:56] 进度更新: 方法1 - 尝试中 - Playwright隐身模式
[2026-03-14 01:44:57] 正在访问CDE网站...
[2026-03-14 01:45:06] 主页加载成功
[2026-03-14 01:45:17] 指导原则页面加载成功
[2026-03-14 01:45:20] 搜索完成
[2026-03-14 01:45:20] 未找到PDF链接，尝试其他方式...
[2026-03-14 01:45:24] 页面截图已保存
[2026-03-14 01:45:24] 页面HTML已保存
[2026-03-14 01:45:27] === 方法2: 尝试API搜索 ===
[2026-03-14 01:45:27] 进度更新: 方法2 - 尝试中 - API搜索
[2026-03-14 01:45:27] 尝试API: https://www.cde.org.cn/zdyz/listpage/9e9f6a9617e3d9488e330e771f030269
[2026-03-14 01:45:30] 尝试API: https://www.cde.org.cn/zdyz/getGuidanceList
[2026-03-14 01:45:30] === 方法3: URL模式分析 ===
[2026-03-14 01:45:30] 进度更新: 方法3 - 尝试中 - URL模式分析
[2026-03-14 01:45:43] 方法3出错: Page.wait_for_selector: Timeout 10000ms exceeded.
Call log:
  - waiting for locator("a") to be visible
    - waiting for" https://www.cde.org.cn/zdyz/index" navigation to finish...
    - navigated to "https://www.cde.org.cn/zdyz/index"

[2026-03-14 01:45:43] 未找到PDF链接，需要更多尝试
[2026-03-14 01:45:43] 进度更新: 进行中 - 未找到 - 继续尝试其他方法
[2026-03-14 01:45:43] 攻关结束
